<?xml version="1.0" encoding="UTF-8"?>
<testng-results skipped="0" failed="0" ignored="0" total="1" passed="1">
  <reporter-output>
  </reporter-output>
  <suite name="Default suite" duration-ms="34190" started-at="2021-04-09T14:12:02Z" finished-at="2021-04-09T14:12:37Z">
    <groups>
    </groups>
    <test name="Default test" duration-ms="34190" started-at="2021-04-09T14:12:02Z" finished-at="2021-04-09T14:12:37Z">
      <class name="log4jdemo.DemoLog4j">
        <test-method status="PASS" signature="setup()[pri:0, instance:log4jdemo.DemoLog4j@2ac273d3]" name="setup" is-config="true" duration-ms="33096" started-at="2021-04-09T14:12:03Z" finished-at="2021-04-09T14:12:36Z">
          <reporter-output>
          </reporter-output>
        </test-method> <!-- setup -->
        <test-method status="PASS" signature="TestCase()[pri:0, instance:log4jdemo.DemoLog4j@2ac273d3]" name="TestCase" duration-ms="59" started-at="2021-04-09T14:12:36Z" finished-at="2021-04-09T14:12:36Z">
          <reporter-output>
          </reporter-output>
        </test-method> <!-- TestCase -->
        <test-method status="PASS" signature="teardown()[pri:0, instance:log4jdemo.DemoLog4j@2ac273d3]" name="teardown" is-config="true" duration-ms="973" started-at="2021-04-09T14:12:36Z" finished-at="2021-04-09T14:12:37Z">
          <reporter-output>
          </reporter-output>
        </test-method> <!-- teardown -->
      </class> <!-- log4jdemo.DemoLog4j -->
    </test> <!-- Default test -->
  </suite> <!-- Default suite -->
</testng-results>
